1642342898002	geckodriver	INFO	Listening on 127.0.0.1:54121
1642342901048	mozrunner::runner	INFO	Running command: "C:\\Program Files\\Mozilla Firefox\\firefox.exe" "--marionette" "--remote-debugging-port" "54122" "-no-remote" "-profile" "C:\\Users\\SANTVA~1\\AppData\\Local\\Temp\\rust_mozprofileVRIgKl"
1642342901528	Marionette	INFO	Marionette enabled
console.warn: SearchSettings: "get: No settings file exists, new profile?" (new NotFoundError("Could not open the file at C:\\Users\\Santvana Singh\\AppData\\Local\\Temp\\rust_mozprofileVRIgKl\\search.json.mozlz4", (void 0)))
DevTools listening on ws://localhost:54122/devtools/browser/58d5c2e7-1739-4aa2-9353-272d0fdaf6e3
1642342906116	Marionette	INFO	Listening on port 54136
1642342906722	RemoteAgent	WARN	TLS certificate errors will be ignored for this session
1642342963884	Marionette	INFO	Stopped listening on port 54136
console.warn: TopSitesFeed: Failed to fetch data from Contile server: NetworkError when attempting to fetch resource.

###!!! [Parent][RunMessage] Error: Channel closing: too late to send/recv, messages will be lost

1642343082894	geckodriver	INFO	Listening on 127.0.0.1:54354
1642343085928	mozrunner::runner	INFO	Running command: "C:\\Program Files\\Mozilla Firefox\\firefox.exe" "--marionette" "--remote-debugging-port" "54355" "-no-remote" "-profile" "C:\\Users\\SANTVA~1\\AppData\\Local\\Temp\\rust_mozprofileZwAPl4"
1642343087397	Marionette	INFO	Marionette enabled
console.warn: SearchSettings: "get: No settings file exists, new profile?" (new NotFoundError("Could not open the file at C:\\Users\\Santvana Singh\\AppData\\Local\\Temp\\rust_mozprofileZwAPl4\\search.json.mozlz4", (void 0)))
DevTools listening on ws://localhost:54355/devtools/browser/ebe1b9fe-5317-4745-8546-541e6b5142c7
1642343091239	Marionette	INFO	Listening on port 54360
1642343091848	RemoteAgent	WARN	TLS certificate errors will be ignored for this session
1642343342915	Marionette	INFO	Stopped listening on port 54360
console.warn: TopSitesFeed: Failed to fetch data from Contile server: NetworkError when attempting to fetch resource.

###!!! [Parent][RunMessage] Error: Channel closing: too late to send/recv, messages will be lost

1642343351367	geckodriver	INFO	Listening on 127.0.0.1:54557
1642343354408	mozrunner::runner	INFO	Running command: "C:\\Program Files\\Mozilla Firefox\\firefox.exe" "--marionette" "--remote-debugging-port" "54558" "-no-remote" "-profile" "C:\\Users\\SANTVA~1\\AppData\\Local\\Temp\\rust_mozprofilevAGeHG"
1642343354763	Marionette	INFO	Marionette enabled
console.warn: SearchSettings: "get: No settings file exists, new profile?" (new NotFoundError("Could not open the file at C:\\Users\\Santvana Singh\\AppData\\Local\\Temp\\rust_mozprofilevAGeHG\\search.json.mozlz4", (void 0)))
DevTools listening on ws://localhost:54558/devtools/browser/a157fd48-7fcb-4c24-aef1-7475c172867c
1642343357483	Marionette	INFO	Listening on port 54568
1642343357951	RemoteAgent	WARN	TLS certificate errors will be ignored for this session
JavaScript warning: https://code.jquery.com/jquery-3.5.1.min.js, line 2: Script terminated by timeout at:
addProp/<.get<@https://code.jquery.com/jquery-3.5.1.min.js:2:43877
S.fn.extend@https://code.jquery.com/jquery-3.5.1.min.js:2:2290
simulate@https://code.jquery.com/jquery-3.5.1.min.js:2:71962
i@https://code.jquery.com/jquery-3.5.1.min.js:2:72305

1642343521611	Marionette	INFO	Stopped listening on port 54568
console.warn: TopSitesFeed: Failed to fetch data from Contile server: NetworkError when attempting to fetch resource.
[Parent 18316, IPC I/O Parent] WARNING: file /builds/worker/checkouts/gecko/ipc/chromium/src/base/process_util_win.cc:167
1642343531784	geckodriver	INFO	Listening on 127.0.0.1:54793
1642343534875	mozrunner::runner	INFO	Running command: "C:\\Program Files\\Mozilla Firefox\\firefox.exe" "--marionette" "--remote-debugging-port" "54794" "-no-remote" "-profile" "C:\\Users\\SANTVA~1\\AppData\\Local\\Temp\\rust_mozprofileElsSIP"
1642343535271	Marionette	INFO	Marionette enabled
console.warn: SearchSettings: "get: No settings file exists, new profile?" (new NotFoundError("Could not open the file at C:\\Users\\Santvana Singh\\AppData\\Local\\Temp\\rust_mozprofileElsSIP\\search.json.mozlz4", (void 0)))
DevTools listening on ws://localhost:54794/devtools/browser/30d5ad5a-8b08-444f-ae16-836f0220bc7e
1642343537851	Marionette	INFO	Listening on port 54799
1642343538065	RemoteAgent	WARN	TLS certificate errors will be ignored for this session
JavaScript error: resource:///modules/PanelMultiView.jsm, line 1262: TypeError: mainPanelView is undefined
1642426573215	Marionette	INFO	Stopped listening on port 54799
console.warn: TopSitesFeed: Failed to fetch data from Contile server: NetworkError when attempting to fetch resource.
[Parent 14824, IPC I/O Parent] WARNING: file /builds/worker/checkouts/gecko/ipc/chromium/src/base/process_util_win.cc:167
